cmd : WARNING: A terminally 
deprecated method in 
sun.misc.Unsafe has been called
At line:1 char:1
+ cmd /c "mvnw.cmd compile" 2>&1 | 
Out-File -Encoding utf8 -FilePath 
er ...
+ ~~~~~~~~~~~~~~~~~~~~~~~~~~~~~~
    + CategoryInfo          : NotSp 
   ecified: (WARNING: A term...has  
   been called:String) [], Remote   
 Exception
    + FullyQualifiedErrorId : Nativ 
   eCommandError
 
WARNING: 
sun.misc.Unsafe::staticFieldBase 
has been called by com.google.inject
.internal.aop.HiddenClassDefiner (fi
le:/C:/Users/Abhi-Akhi/.m2/wrapper/d
ists/apache-maven-3.9.11/03d7e36a140
982eea48e22c1dcac01d8862b2550b2939e0
9a0809bbc5182a5bc/lib/guice-5.1.0-cl
asses.jar)
WARNING: Please consider reporting 
this to the maintainers of class com
.google.inject.internal.aop.HiddenCl
assDefiner
WARNING: 
sun.misc.Unsafe::staticFieldBase 
will be removed in a future release
[INFO] Scanning for projects...
[INFO] 
[INFO] ----------------------< com.abhi:FitnessTracker >-----------------------
[INFO] Building FitnessTracker 0.0.1-SNAPSHOT
[INFO]   from pom.xml
[INFO] --------------------------------[ jar ]---------------------------------
[INFO] 
[INFO] --- resources:3.3.1:resources (default-resources) @ FitnessTracker ---
[INFO] Copying 1 resource from src\main\resources to target\classes
[INFO] Copying 0 resource from src\main\resources to target\classes
[INFO] 
[INFO] --- compiler:3.14.1:compile (default-compile) @ FitnessTracker ---
[INFO] Recompiling the module because of changed source code.
[INFO] Compiling 28 source files with javac [debug parameters release 17] to target\classes
[INFO] ------------------------------------------------------------------------
[INFO] BUILD SUCCESS
[INFO] ------------------------------------------------------------------------
[INFO] Total time:  24.711 s
[INFO] Finished at: 2025-12-10T07:26:48+05:30
[INFO] ------------------------------------------------------------------------
